60 4 6
0.75 4 0.75 4
5 1 1
1.667 5
0.0025
0.00295691
0.00349734
0.00413653
0.00489255
0.00578674
0.00684436
0.00809528
0.00957482
0.0113248
0.0133946
0.0158426
0.0187381
0.0221628
0.0262134
0.0310043
0.0366709
0.043373
0.0513002
0.0606761
0.0717656
0.0848819
0.100395
0.118744
0.140447
0.166116
0.196476
0.232385
0.274857
0.325091
0.384507
0.454782
0.537901
0.636211
0.752488
0.890017
1.05268
1.24508
1.47263
1.74178
2.06012
2.43664
2.88197
3.4087
4.0317
4.76855
5.64008
6.6709
7.89011
9.33215
11.0378
13.0551
15.4411
18.2632
21.6011
25.549
30.2185
35.7415
42.2738
50
10.7347 0 0 0 
6.17952 -0.933313 0.314828 -0.0684772 
5.8379 -1.06666 0.364607 -0.0986848 
3.80347 -0.638192 0.140769 0.0106729 
5.24365 -0.906176 0.118563 -0.0796938 
2.37883 -0.409708 0.137447 -0.0573127 
2.00292 -0.297996 0.0715559 -0.0178058 
1.71166 -0.264829 0.0670013 -0.0256639 
1.29273 -0.204018 0.0349431 -0.0156296 
1.05977 -0.182509 0.0356622 -0.00400869 
0.850627 -0.145778 0.0415963 -0.0131615 
0.752123 -0.130803 0.0376891 -0.0130013 
0.524768 -0.0890534 0.0206926 -0.00903674 
0.437201 -0.0762205 0.0143197 -0.00218702 
0.350883 -0.0619234 0.0132645 -0.00329209 
0.259016 -0.0494351 0.0133481 -0.00289357 
0.224854 -0.0435066 0.0111513 -0.00242725 
0.186983 -0.0364657 0.00869136 -0.00157071 
0.139739 -0.0277654 0.00807205 -0.00329927 
0.108853 -0.0225796 0.00691107 -0.00231234 
0.0857609 -0.0175969 0.00470446 -0.000987456 
0.0663259 -0.0137479 0.00377778 -0.000853652 
0.0504849 -0.0107454 0.00332167 -0.00112863 
0.037645 -0.00820075 0.00254194 -0.000862358 
0.0311449 -0.00688407 0.00201945 -0.000601423 
0.0240756 -0.00548615 0.00163478 -0.000434042 
0.0179276 -0.0041307 0.00127531 -0.000398141 
0.0130968 -0.00301701 0.000920919 -0.000300912 
0.0100865 -0.00239009 0.000724238 -0.000221826 
0.00757208 -0.00185607 0.000587851 -0.000193213 
0.00552336 -0.0013832 0.000452414 -0.000166254 
0.00413971 -0.00105738 0.00033974 -0.000117543 
0.0029938 -0.000773216 0.00024448 -8.32368e-05 
0.00219028 -0.000574197 0.000177074 -5.59683e-05 
0.00155687 -0.000417182 0.00013279 -4.55473e-05 
0.00112335 -0.000307165 9.79199e-05 -3.37416e-05 
0.000804469 -0.000224448 7.0788e-05 -2.32749e-05 
0.000569481 -0.000160909 4.99458e-05 -1.58994e-05 
0.000397017 -0.000113238 3.46887e-05 -1.09042e-05 
0.00027066 -7.79498e-05 2.38696e-05 -7.58198e-06 
0.000184508 -5.35206e-05 1.61519e-05 -4.94475e-06 
0.000124059 -3.61872e-05 1.07331e-05 -3.09404e-06 
8.21494e-05 -2.41307e-05 7.08038e-06 -1.91671e-06 
5.38254e-05 -1.58787e-05 4.61263e-06 -1.19167e-06 
3.4564e-05 -1.02356e-05 2.94641e-06 -7.25491e-07 
2.20652e-05 -6.55426e-06 1.87317e-06 -4.41949e-07 
1.3793e-05 -4.10997e-06 1.16759e-06 -2.64514e-07 
8.49958e-06 -2.5387e-06 7.17832e-07 -1.57561e-07 
5.24307e-06 -1.57117e-06 4.43684e-07 -9.52041e-08 
3.17174e-06 -9.53421e-07 2.6899e-07 -5.65033e-08 
1.88249e-06 -5.67145e-07 1.59771e-07 -3.28679e-08 
1.1172e-06 -3.36923e-07 9.45973e-08 -1.9026e-08 
6.55336e-07 -1.97779e-07 5.53346e-08 -1.08908e-08 
3.85842e-07 -1.16541e-07 3.24931e-08 -6.25112e-09 
2.1825e-07 -6.5323e-08 1.78126e-08 -3.21962e-09 
1.24887e-07 -3.72688e-08 1.00562e-08 -1.74883e-09 
7.06784e-08 -2.09863e-08 5.57839e-09 -9.20961e-10 
3.9748e-08 -1.16096e-08 2.9754e-09 -4.40575e-10 
2.2267e-08 -6.41282e-09 1.59162e-09 -2.12097e-10 
1.24615e-08 -3.49361e-09 8.20982e-10 -9.11163e-11 
8.37556e-06 0 0 0 
1.75517e-05 -7.3985e-07 -9.075e-07 -7.77068e-08 
2.04915e-05 -5.9347e-07 -1.56999e-06 -1.10094e-07 
2.78553e-05 -1.27996e-06 -5.26182e-07 -6.3379e-07 
2.86092e-05 -7.63701e-07 -1.18168e-06 -1.67648e-07 
4.89211e-05 -2.07869e-06 -2.54711e-06 8.6658e-08 
5.95351e-05 -3.01752e-06 -2.50543e-06 -3.6059e-07 
7.45535e-05 -3.77793e-06 -3.32006e-06 -1.25849e-07 
9.69671e-05 -4.83567e-06 -3.67378e-06 -1.28183e-07 
0.000123851 -5.09496e-06 -4.99846e-06 -1.14939e-06 
0.000158872 -7.51997e-06 -7.51718e-06 -3.18574e-07 
0.000194453 -9.0729e-06 -9.53393e-06 1.3626e-07 
0.000259894 -1.32988e-05 -1.06282e-05 -2.7475e-07 
0.000323364 -1.51507e-05 -1.15001e-05 -3.42874e-06 
0.000409999 -1.99077e-05 -1.60658e-05 -2.63785e-06 
0.000536767 -2.40218e-05 -2.61086e-05 -2.08167e-06 
0.00065393 -2.9091e-05 -2.89856e-05 -4.16098e-06 
0.000802991 -3.61721e-05 -3.33426e-05 -7.15854e-06 
0.00103032 -5.25994e-05 -4.60834e-05 4.813e-07 
0.00130182 -6.28354e-05 -6.31323e-05 -2.90462e-06 
0.00160167 -8.53375e-05 -6.88543e-05 -1.1199e-05 
0.00197779 -0.000111259 -8.75763e-05 -7.34537e-06 
0.00246795 -0.000152198 -0.000112326 3.66771e-06 
0.00299429 -0.000188539 -0.000129185 -3.81523e-06 
0.00357093 -0.000230232 -0.000146088 -1.23178e-05 
0.00429528 -0.000278774 -0.0001824 -1.41925e-05 
0.00522474 -0.000372916 -0.000212778 -6.93601e-06 
0.00628219 -0.000486969 -0.000234813 -8.78998e-06 
0.00739552 -0.000579494 -0.000279904 -8.3607e-06 
0.00871351 -0.000708341 -0.000325013 -1.70696e-06 
0.0102323 -0.000875534 -0.00035981 2.0815e-06 
0.0118782 -0.00104181 -0.000399679 -1.22391e-05 
0.0137726 -0.00127767 -0.000416602 -2.247e-05 
0.0157379 -0.00149022 -0.000451193 -4.56594e-05 
0.0180203 -0.00176949 -0.00050505 -2.60036e-05 
0.0203122 -0.00204898 -0.000538117 -3.1355e-05 
0.0226967 -0.00234101 -0.000566435 -5.00948e-05 
0.0251794 -0.00268966 -0.000574038 -7.38325e-05 
0.0275385 -0.00304958 -0.000556918 -0.00011639 
0.0300692 -0.00345065 -0.000595807 -9.93569e-05 
0.0322858 -0.00382138 -0.000592008 -0.000120369 
0.0343406 -0.00417082 -0.000576187 -0.00015176 
0.0360629 -0.0044093 -0.000589184 -0.000180525 
0.0374796 -0.00460517 -0.000595417 -0.000199447 
0.038548 -0.00473228 -0.000596305 -0.000221667 
0.0392088 -0.00477232 -0.000604059 -0.000240117 
0.0394882 -0.00475149 -0.000596988 -0.000260182 
0.0393568 -0.0046583 -0.00059091 -0.000272731 
0.0389431 -0.00451997 -0.000578342 -0.000283423 
0.038149 -0.00432289 -0.000560117 -0.000290767 
0.0370107 -0.00408479 -0.000537687 -0.000290584 
0.0357195 -0.00384208 -0.000509102 -0.00028586 
0.0342672 -0.00358809 -0.000476144 -0.000277242 
0.0327743 -0.00334665 -0.000438494 -0.000266412 
0.0310023 -0.00311855 -0.000394677 -0.000250922 
0.0293465 -0.00290861 -0.000348481 -0.000235814 
0.0276965 -0.00272342 -0.000295904 -0.000221627 
0.0260773 -0.00261375 -0.000237243 -0.000208595 
0.0245726 -0.00253911 -0.000169901 -0.000199658 
0.0231489 -0.00255778 -9.08049e-05 -0.000195552 
0.0387958 0 0 0 
0.0567755 0.00247104 -0.00068924 -7.29015e-05 
0.0572564 0.00314583 -0.000891388 5.76016e-05 
0.0630425 0.00305229 -0.000519258 -0.000250984 
0.057746 0.00346152 9.25097e-05 0.000132478 
0.0678813 0.0031278 -0.00065156 0.000190562 
0.0690771 0.00283243 -0.000363636 1.74136e-06 
0.0710241 0.00302559 -0.000390341 0.00016695 
0.0747449 0.00337566 -6.25991e-05 0.000288016 
0.0777887 0.0037302 -0.000272326 -9.62396e-05 
0.0807345 0.00348029 -0.00058912 0.000141886 
0.0823619 0.00355995 -0.000582827 0.000280968 
0.0874295 0.00372868 -0.000237732 0.00026584 
0.0899118 0.00402079 -0.000212509 -0.000160987 
0.0928866 0.00397859 -0.000274933 3.52855e-05 
0.0973969 0.00430782 -0.000688309 0.000105862 
0.099127 0.00442713 -0.000558748 -3.05342e-05 
0.101188 0.0044018 -0.000440061 -0.000129315 
0.105183 0.00424213 -0.000554825 0.000294633 
0.108624 0.00445554 -0.000883191 0.000163948 
0.110836 0.00426245 -0.000644731 -7.85374e-05 
0.113164 0.00418875 -0.000717007 5.3867e-05 
0.116288 0.00393146 -0.00087357 0.00035062 
0.118088 0.00399328 -0.000812813 0.000169937 
0.118984 0.00394322 -0.000686649 8.3043e-05 
0.120402 0.0039823 -0.000824096 6.54244e-05 
0.122304 0.00364279 -0.000785109 0.000173051 
0.123666 0.00337753 -0.00071256 0.000151984 
0.12389 0.00334534 -0.000735738 0.000145272 
0.124305 0.00320502 -0.000799773 0.000230322 
0.124539 0.00297528 -0.000736416 0.000245092 
0.124152 0.00287097 -0.00071234 0.000171915 
0.123792 0.00256718 -0.00059996 0.000152163 
0.122852 0.00240186 -0.000614039 0.00014137 
0.121792 0.00212278 -0.000650604 0.000224738 
0.120139 0.00192037 -0.000644493 0.000214922 
0.117906 0.00168376 -0.00063455 0.000182356 
0.115667 0.00123266 -0.00064962 0.000217698 
0.112598 0.000704661 -0.000623415 0.000161768 
0.109355 -2.25097e-05 -0.000731429 0.000176065 
0.105241 -0.000828179 -0.000863351 0.00013611 
0.100909 -0.00151932 -0.000919206 0.000152065 
0.096493 -0.00201487 -0.000916797 0.000182665 
0.092068 -0.00239259 -0.000874371 0.0002194 
0.0876457 -0.00264944 -0.000816907 0.000234577 
0.08332 -0.00282651 -0.000761997 0.000234385 
0.0789876 -0.00291158 -0.000713995 0.000229087 
0.074685 -0.0029427 -0.000669776 0.000218186 
0.0705984 -0.00294027 -0.000638017 0.000208548 
0.0665165 -0.00289221 -0.000604334 0.000195029 
0.0624429 -0.00281406 -0.000570569 0.000180461 
0.0586004 -0.00272939 -0.000544603 0.000167078 
0.0548995 -0.00263421 -0.000518543 0.000154108 
0.0514432 -0.00254218 -0.000495397 0.000141719 
0.0477943 -0.00242987 -0.000471929 0.000127782 
0.0444985 -0.00231955 -0.000449334 0.000116899 
0.0413279 -0.00219894 -0.000428712 0.000105992 
0.0382374 -0.00209535 -0.000418556 9.34108e-05 
0.0352765 -0.00197235 -0.00041174 8.3416e-05 
0.0323229 -0.00184707 -0.000421101 7.14991e-05 
0.0363909 0 0 0 
0.0556692 0.0026317 -0.000687726 -7.3465e-05 
0.0560065 0.00339108 -0.000939578 6.85799e-05 
0.0619926 0.00325803 -0.000529103 -0.000240639 
0.0562138 0.00371439 0.000101011 0.000140371 
0.0669561 0.00333741 -0.000662537 0.000200838 
0.068046 0.00307866 -0.000364169 -1.3491e-06 
0.0699219 0.00322616 -0.000395295 0.000178913 
0.0736052 0.00362148 -3.98112e-05 0.000280495 
0.0765679 0.00403633 -0.000241976 -0.00010074 
0.0795052 0.00379984 -0.000587054 0.00012965 
0.0809415 0.00393313 -0.000594338 0.000295063 
0.0861137 0.00410418 -0.000238689 0.000295446 
0.0885699 0.0044224 -0.000171165 -0.000173596 
0.0915419 0.00442354 -0.000267742 1.79006e-05 
0.0961853 0.00475588 -0.000717284 0.000119227 
0.0977117 0.00489769 -0.00053925 -2.07499e-05 
0.0995833 0.00497899 -0.000424131 -0.000137268 
0.103543 0.00480427 -0.000607898 0.000315056 
0.106964 0.0050204 -0.000873221 0.000161426 
0.109023 0.00482163 -0.000663771 -8.17474e-05 
0.111283 0.00469485 -0.000772935 7.79638e-05 
0.114096 0.00441 -0.000904808 0.000340741 
0.115608 0.00438036 -0.000851768 0.000184742 
0.116037 0.00431396 -0.000714881 7.75209e-05 
0.116967 0.0042604 -0.000840809 7.61431e-05 
0.118433 0.00384107 -0.000815821 0.000179504 
0.11929 0.00344341 -0.000704808 0.000150287 
0.118982 0.00332148 -0.000751594 0.000168325 
0.11871 0.00307354 -0.000754277 0.000213861 
0.118249 0.00274541 -0.000670715 0.00023263 
0.117215 0.00253694 -0.00061466 0.000158975 
0.116082 0.00215316 -0.000462504 0.000135505 
0.114265 0.00194659 -0.00039685 6.95523e-05 
0.112582 0.00159804 -0.000394841 0.000137191 
0.110198 0.00131928 -0.000324186 0.000138711 
0.107504 0.00104599 -0.000266312 9.94903e-05 
0.10458 0.000666004 -0.000191024 6.24215e-05 
0.101147 0.000259531 -0.000107651 -5.47178e-06 
0.0978722 -0.000209003 -0.000146456 2.07878e-05 
0.0941305 -0.000626753 -0.000120805 -6.19236e-06 
0.0903325 -0.00100989 -8.63422e-05 -4.29016e-05 
0.0864029 -0.00126611 -8.74484e-05 -7.77446e-05 
0.082449 -0.00150388 -7.66279e-05 -9.09289e-05 
0.0784956 -0.0016937 -5.99583e-05 -0.000102999 
0.0745463 -0.00182967 -5.27205e-05 -0.000109183 
0.0706337 -0.00193465 -3.37653e-05 -0.000116034 
0.0667424 -0.00199934 -2.23278e-05 -0.000117087 
0.0630068 -0.00203867 -1.30371e-05 -0.00011711 
0.0592839 -0.00203678 -5.7809e-06 -0.000116303 
0.0555768 -0.00200627 -2.58816e-06 -0.000112354 
0.0520635 -0.00197281 -1.1059e-06 -0.000107637 
0.0486884 -0.00192356 -4.438e-08 -0.000102373 
0.0455561 -0.00187886 1.48073e-06 -9.80274e-05 
0.042351 -0.00184134 3.00954e-06 -9.40095e-05 
0.0395044 -0.00181422 1.06811e-05 -9.08165e-05 
0.0368563 -0.00180416 2.84432e-05 -9.01825e-05 
0.0344161 -0.0018645 5.25094e-05 -9.41569e-05 
0.0322436 -0.00195604 9.24572e-05 -0.000101637 
0.0302542 -0.00212721 0.000143848 -0.000114257 
0.0260265 0 0 0 
0.0395941 0.0022252 -0.000490242 -5.37367e-05 
0.0401775 0.00264747 -0.000686091 -9.69783e-07 
0.0445273 0.00226732 -0.000468731 -0.000123747 
0.0403637 0.00240026 8.23982e-05 0.000257261 
0.0465321 0.00242417 -0.000384504 7.95063e-05 
0.0469197 0.00242386 -0.000298015 -1.93722e-05 
0.0485712 0.00247459 -0.000364571 0.000117555 
0.0510261 0.00265858 -0.000133065 0.000201211 
0.0531176 0.00282291 -0.000256648 -1.59106e-05 
0.0548247 0.00258499 -0.000329671 0.000110531 
0.0562189 0.00262837 -0.0003773 0.000245997 
0.0589468 0.00306555 -0.000246765 0.000252206 
0.0606713 0.00325833 -0.000157824 -0.000102098 
0.0629042 0.00307097 -0.000183647 2.32667e-05 
0.0658026 0.00353099 -0.000460023 0.000149395 
0.0670264 0.00366981 -0.000323469 -1.92072e-05 
0.0684739 0.00368722 -0.000205607 -0.0001164 
0.0713292 0.00368435 -0.000313659 0.000151382 
0.0740088 0.00386862 -0.00061496 0.000101017 
0.0752723 0.00398463 -0.000527425 -6.22613e-05 
0.077 0.00382294 -0.000536638 1.66922e-05 
0.0792779 0.00366591 -0.000648982 0.00021066 
0.0802304 0.00391564 -0.000663479 0.000119557 
0.0806356 0.00395039 -0.000527066 -2.33458e-06 
0.0815738 0.00402261 -0.000624143 -3.4098e-05 
0.0828712 0.00393021 -0.000699991 0.00011091 
0.0841875 0.00370602 -0.000668827 0.000169998 
0.0841999 0.00379115 -0.000623265 8.52543e-05 
0.0844465 0.00377992 -0.000661098 9.63624e-05 
0.0849436 0.00362086 -0.000668941 0.000207592 
0.0845512 0.00372971 -0.000665693 0.000183904 
0.0843348 0.00376781 -0.00062709 0.000135898 
0.0837543 0.00385033 -0.000567813 9.05281e-05 
0.0837684 0.00389847 -0.000688434 0.000210518 
0.0831115 0.0040443 -0.000659787 0.000244574 
0.0824607 0.00436897 -0.000648501 0.000169901 
0.0816689 0.00468865 -0.000603431 0.00013836 
0.0807118 0.00509333 -0.000579055 0.000146558 
0.0799761 0.00551233 -0.000595919 0.00022907 
0.0785892 0.00595365 -0.000558588 0.00025016 
0.0768944 0.00630026 -0.000572463 0.000227641 
0.0748195 0.00655949 -0.00061339 0.000183412 
0.0724115 0.00669387 -0.000637982 0.000159058 
0.0696914 0.00673767 -0.000650662 0.000142607 
0.066792 0.00671365 -0.000650079 0.000130887 
0.0636924 0.0066206 -0.0006388 0.000122587 
0.060454 0.00647675 -0.000616637 0.000114723 
0.057259 0.00631792 -0.000591375 0.000109839 
0.0539919 0.00611807 -0.000563155 0.000104147 
0.0506803 0.00587986 -0.000532901 9.86366e-05 
0.047507 0.0056508 -0.000503422 9.38348e-05 
0.0444243 0.00540815 -0.000475415 8.93552e-05 
0.0415178 0.00517803 -0.000449476 8.51396e-05 
0.0384799 0.00490611 -0.000417128 7.86898e-05 
0.0357202 0.00464702 -0.000393547 7.25693e-05 
0.0330743 0.00438496 -0.000374345 6.49573e-05 
0.0305008 0.00413234 -0.000354919 5.64675e-05 
0.0280716 0.00386228 -0.000342613 4.54861e-05 
0.0257033 0.00358181 -0.000332034 3.21677e-05 
0.0262112 0 0 0 
0.0391364 0.00199876 -0.00049003 -3.77123e-05 
0.0394984 0.00238455 -0.000657326 8.98314e-06 
0.0436771 0.00218431 -0.000428243 -0.000138742 
0.0397584 0.00238059 7.86629e-05 0.000188255 
0.0463735 0.00231474 -0.000405457 9.82492e-05 
0.0469008 0.00223063 -0.000265201 -1.89887e-05 
0.0484356 0.00230274 -0.000338246 0.000100888 
0.0508733 0.00250047 -0.000116614 0.00021079 
0.052914 0.00268562 -0.000222905 -3.38692e-05 
0.0546798 0.00247112 -0.000335682 9.43466e-05 
0.0559692 0.00250053 -0.000392964 0.000209171 
0.0589533 0.00280775 -0.000200178 0.000211002 
0.0606188 0.0030239 -0.000175971 -0.000104708 
0.0626929 0.0028623 -0.000196576 3.1375e-05 
0.0656171 0.00318875 -0.000450722 0.000140196 
0.066761 0.00332625 -0.000329123 -7.63062e-06 
0.068188 0.00332735 -0.000242057 -0.00011632 
0.0708274 0.00324339 -0.000305817 0.000161236 
0.0733406 0.00339919 -0.000589777 0.000112118 
0.0746644 0.00343153 -0.000481062 -6.21367e-05 
0.0761328 0.0033427 -0.000498809 1.31541e-05 
0.0783985 0.00312849 -0.000625611 0.000235748 
0.0793787 0.00327375 -0.000599718 0.000112571 
0.0797861 0.00328239 -0.000477965 3.62677e-06 
0.0806157 0.00332046 -0.000556611 -1.63299e-05 
0.0818431 0.00317928 -0.000616703 9.46671e-05 
0.082912 0.00296369 -0.000583737 0.000139787 
0.0829456 0.00299671 -0.000569918 9.09505e-05 
0.0830828 0.00295149 -0.000589318 9.97475e-05 
0.0835122 0.00275323 -0.000587877 0.00018146 
0.0831817 0.00275894 -0.000595917 0.000158897 
0.0828912 0.00270117 -0.000540621 0.000114535 
0.0822238 0.00271315 -0.000513819 7.39719e-05 
0.0820385 0.00262027 -0.000639122 0.000197482 
0.0812129 0.00262701 -0.000642802 0.000214267 
0.0803038 0.00270407 -0.000660337 0.000162463 
0.0793673 0.00269658 -0.00066488 0.000146992 
0.0780593 0.00271444 -0.000690463 0.000136039 
0.0768117 0.00268509 -0.000798962 0.000192201 
0.0749537 0.00263185 -0.000897259 0.000181697 
0.0728045 0.00253593 -0.00101496 0.000170893 
0.0704238 0.00245698 -0.00111416 0.00015945 
0.067856 0.00235617 -0.00117194 0.000164028 
0.0651123 0.00225612 -0.00120243 0.00016921 
0.0622909 0.00216002 -0.00121446 0.000170025 
0.059342 0.00206959 -0.00120975 0.000170137 
0.0563152 0.00198043 -0.00119043 0.000165776 
0.0533761 0.00190183 -0.001169 0.000161946 
0.0503853 0.00182369 -0.00113615 0.000155036 
0.0473595 0.00174071 -0.00109533 0.000147068 
0.0444833 0.00166712 -0.00105765 0.000139211 
0.041691 0.00159196 -0.00101754 0.000131727 
0.0390701 0.00152252 -0.000979683 0.000124532 
0.0363052 0.001443 -0.000934485 0.00011513 
0.0337971 0.00136831 -0.000892626 0.000107612 
0.0313884 0.00129785 -0.000852342 9.95975e-05 
0.0290499 0.00122942 -0.000821154 9.00984e-05 
0.0268257 0.0011599 -0.000790616 8.04679e-05 
0.02464 0.0010887 -0.000769914 6.75239e-05 
-0.0264987 3.73507e-05 -3.59452e-06 4.571e-07 
-0.0267294 5.1308e-05 -6.44727e-06 1.06204e-06 
-0.026647 6.50954e-05 -8.53284e-06 1.50533e-06 
-0.0265988 7.71881e-05 -8.93697e-06 1.54192e-06 
-0.0265639 8.87887e-05 -9.67681e-06 2.579e-06 
-0.0265013 9.71298e-05 -1.0888e-05 2.95256e-06 
-0.0264671 0.000106789 -1.14687e-05 2.6359e-06 
-0.0263984 0.000119624 -1.23544e-05 2.79985e-06 
-0.0263186 0.000135355 -1.3526e-05 2.76958e-06 
-0.0263971 0.000153837 -1.62497e-05 2.86418e-06 
-0.0261467 0.000174645 -2.00399e-05 4.16966e-06 
-0.0260396 0.00019757 -2.29506e-05 5.22146e-06 
-0.0259149 0.000221842 -2.41962e-05 5.09853e-06 
-0.0259323 0.00025035 -2.64769e-05 4.22636e-06 
-0.025645 0.000282606 -3.13269e-05 4.70339e-06 
-0.0255267 0.000319576 -3.80733e-05 5.75559e-06 
-0.0253283 0.000360737 -4.5146e-05 7.06611e-06 
-0.0251088 0.000403943 -5.26408e-05 9.22583e-06 
-0.0248728 0.000448089 -6.14493e-05 1.3191e-05 
-0.0246307 0.000494305 -6.97862e-05 1.44302e-05 
-0.0243706 0.000542445 -7.6674e-05 1.36629e-05 
-0.0240224 0.000593242 -8.53454e-05 1.55049e-05 
-0.0236905 0.000646815 -9.615e-05 1.99263e-05 
-0.0233151 0.00070439 -0.000106965 2.27621e-05 
-0.0229407 0.000766123 -0.000118177 2.41356e-05 
-0.0225007 0.000826874 -0.000129831 2.59769e-05 
-0.0219867 0.000884429 -0.000140749 2.93767e-05 
-0.0214903 0.000939041 -0.000150868 3.24006e-05 
-0.0209087 0.000994444 -0.000162979 3.56096e-05 
-0.0203209 0.00104908 -0.000176534 4.04376e-05 
-0.0196815 0.0010957 -0.000188309 4.50964e-05 
-0.0190192 0.00114007 -0.000197013 4.69513e-05 
-0.0182924 0.00117593 -0.00020326 4.72864e-05 
-0.0175677 0.00120073 -0.000207875 4.74518e-05 
-0.0167956 0.0012208 -0.000213245 4.94891e-05 
-0.0159899 0.00123127 -0.000217135 5.06857e-05 
-0.0151652 0.00122903 -0.000217538 4.99543e-05 
-0.0143322 0.00121811 -0.000215353 4.82894e-05 
-0.0134763 0.00118862 -0.000209181 4.62043e-05 
-0.0125992 0.00114546 -0.000201005 4.38135e-05 
-0.0117273 0.001095 -0.000190467 4.03133e-05 
-0.0108649 0.00102975 -0.000177632 3.59024e-05 
-0.0100151 0.000959722 -0.000164052 3.14566e-05 
-0.00914692 0.000882787 -0.000149328 2.72535e-05 
-0.00835026 0.000801787 -0.000134301 2.33839e-05 
-0.00759043 0.000719551 -0.000119313 1.99108e-05 
-0.00683664 0.000637903 -0.000104725 1.67712e-05 
-0.00612908 0.000558569 -9.09415e-05 1.40649e-05 
-0.00547783 0.000484702 -7.82138e-05 1.17754e-05 
-0.00487672 0.00041536 -6.6498e-05 9.77583e-06 
-0.00431998 0.000352565 -5.58783e-05 8.01802e-06 
-0.00380313 0.000295473 -4.63775e-05 6.49761e-06 
-0.00334012 0.000245786 -3.8147e-05 5.21223e-06 
-0.00292782 0.000202725 -3.10109e-05 4.11086e-06 
-0.00254134 0.00015924 -2.46267e-05 3.1128e-06 
-0.0022095 0.000127922 -1.94254e-05 2.34078e-06 
-0.00191232 0.000101213 -1.50816e-05 1.7054e-06 
-0.0016497 7.44617e-05 -1.14877e-05 1.15996e-06 
-0.00141978 5.47829e-05 -8.61577e-06 7.39678e-07 
-0.00121798 3.63594e-05 -6.31306e-06 3.5171e-07 
0.0562068 0.0298805 -0.00575123 0.00109704 
0.0605724 0.0292235 -0.0056915 0.00128358 
0.0607658 0.0218883 -0.00194638 0.000208452 
0.0596755 0.0172278 -0.00037494 0.000676535 
0.0612139 0.0123187 -0.00139794 0.00121564 
0.061553 0.00832021 -0.000965044 -0.000139195 
0.0565076 0.00975844 -0.000503662 -0.000141371 
0.0526833 0.0105449 -0.000722063 0.000139604 
0.0495296 0.0106676 -0.00110702 -9.13941e-05 
0.0463683 0.0104078 -0.00183846 0.000353268 
0.0437111 0.00976211 -0.00163729 0.000655492 
0.0416907 0.0088323 -0.000724209 0.000200629 
0.0396511 0.00825517 -0.000406556 -0.000235873 
0.0371613 0.00821005 -0.000939271 -0.000108558 
0.0350183 0.00787104 -0.00137213 0.000218298 
0.0328407 0.00750358 -0.00136369 0.000222538 
0.0307629 0.00695194 -0.00115485 0.000244303 
0.0294281 0.00600158 -0.00112321 0.000453887 
0.0278052 0.00521788 -0.0010452 0.00037623 
0.026211 0.00465047 -0.000727511 -3.58375e-05 
0.0244017 0.00409965 -0.000600921 -5.07629e-06 
0.0226726 0.00366285 -0.000708099 0.00025184 
0.0211126 0.00328908 -0.000655931 0.000246096 
0.0193675 0.00300933 -0.000540228 9.07505e-05 
0.017869 0.00264319 -0.000491666 5.44391e-05 
0.0165074 0.00211309 -0.000413463 9.73258e-05 
0.0152111 0.00167358 -0.000310611 0.000105316 
0.0138289 0.00142743 -0.000276499 7.26381e-05 
0.0124829 0.00122108 -0.000287659 8.61272e-05 
0.0112823 0.000953406 -0.000241632 9.63908e-05 
0.0101433 0.000699816 -0.000160716 5.33695e-05 
0.0090639 0.000510691 -9.38485e-05 9.89237e-06 
0.00802827 0.000346747 -5.96511e-05 5.43763e-07 
0.00711458 0.000212162 -4.79474e-05 1.03373e-05 
0.00624587 0.000118289 -3.85494e-05 1.65221e-05 
0.00544027 3.87359e-05 -1.71642e-05 1.61146e-06 
0.00472063 -3.91683e-05 6.14669e-06 -7.97655e-06 
0.00408064 -9.68577e-05 1.98058e-05 -9.04604e-06 
0.0034997 -0.000142241 2.91788e-05 -8.71299e-06 
0.00297796 -0.00016438 3.28559e-05 -9.86818e-06 
0.00251286 -0.000166411 3.36846e-05 -1.17128e-05 
0.00210667 -0.000164848 3.26219e-05 -1.11398e-05 
0.00174784 -0.000153491 2.926e-05 -8.98367e-06 
0.00143348 -0.000138647 2.60547e-05 -7.05809e-06 
0.00117455 -0.000121198 2.22917e-05 -5.46924e-06 
0.000950165 -0.00010282 1.85473e-05 -4.11601e-06 
0.000762024 -8.51159e-05 1.51197e-05 -3.10133e-06 
0.000605443 -6.86827e-05 1.18598e-05 -2.23036e-06 
0.000475594 -5.41611e-05 9.19329e-06 -1.60806e-06 
0.000373144 -4.2341e-05 7.15968e-06 -1.20365e-06 
0.000289536 -3.23442e-05 5.43667e-06 -8.86217e-07 
0.000223042 -2.43724e-05 4.054e-06 -6.41068e-07 
0.000170561 -1.8057e-05 2.97491e-06 -4.59523e-07 
0.000129682 -1.32441e-05 2.19125e-06 -3.40716e-07 
9.80305e-05 -1.01594e-05 1.60952e-06 -2.50467e-07 
7.36304e-05 -7.24685e-06 1.10943e-06 -1.61671e-07 
5.50577e-05 -5.16522e-06 7.76803e-07 -1.13348e-07 
4.09677e-05 -3.9083e-06 5.38207e-07 -8.22767e-08 
3.03583e-05 -2.85046e-06 3.63166e-07 -5.75465e-08 
2.24028e-05 -2.18156e-06 2.44513e-07 -4.92394e-08 
22.4827 11.9522 -6.90148 2.19408 
-2.14287 -13.8777 6.90486 -1.35984 
1.93085 -14.0953 7.77873 -3.01094 
-4.955 -1.31266 -2.30436 4.32943 
7.92352 -11.2485 -0.809177 -2.48131 
-6.32718 1.65649 1.60305 -0.930047 
-3.92748 1.46426 -0.702858 0.950171 
-2.26113 0.0272566 0.196827 -0.336344 
-2.22332 0.220913 -0.743572 0.011273 
-1.5301 -0.374741 -0.192729 0.548151 
-1.18205 -0.196876 0.36276 -0.196825 
-0.53738 -0.501296 0.393876 -0.213542 
-0.934915 0.112098 -0.164712 -0.103081 
-0.606466 -0.0773391 -0.183549 0.19254 
-0.467118 -0.0782551 -0.0570265 0.00192532 
-0.491016 -0.0423691 0.0506347 0.000768714 
-0.264987 -0.13642 0.0221373 0.00910707 
-0.182126 -0.134002 -0.0163674 0.0567481 
-0.206017 -0.0541092 0.0302203 -0.0736374 
-0.180023 -0.0570636 0.0356821 -0.023072 
-0.141188 -0.035137 -0.0149676 0.0309041 
-0.117476 -0.0241776 -0.00659505 0.0147216 
-0.103383 -0.0180621 0.0101147 -0.0140577 
-0.0896754 -0.0085842 0.00112066 -0.00416595 
-0.0587709 -0.0208711 0.00137547 0.00149045 
-0.047475 -0.0180018 0.00332301 0.00291326 
-0.042197 -0.00933955 0.00235732 -0.00163075 
-0.0367273 -0.00273469 -0.00141787 -4.89999e-06 
-0.027457 -0.00499184 -9.89102e-05 0.00105135 
-0.0218332 -0.00461655 0.001321 -0.000304662 
-0.0180558 -0.002628 0.000945656 -0.00104651 
-0.0138499 -0.00239108 0.000573566 -0.000110242 
-0.0110398 -0.00119519 -3.21154e-06 6.31414e-05 
-0.00860354 -0.000906922 -0.000107348 0.000319732 
-0.00681848 -0.000484723 7.95701e-05 -9.34928e-05 
-0.00516689 -0.000410651 9.35045e-05 -7.22448e-05 
-0.00391413 -0.00032226 6.51035e-05 7.36151e-06 
-0.00297668 -0.000184912 1.41942e-05 2.41523e-05 
-0.00225845 -7.57643e-05 -7.15628e-06 1.59965e-05 
-0.00171884 5.27126e-06 -1.30318e-05 -1.42065e-06 
-0.00128023 2.81877e-05 -1.68963e-05 6.42181e-06 
-0.00094967 3.90939e-05 -1.82024e-05 1.03927e-05 
-0.000696786 4.17216e-05 -1.49498e-05 8.74172e-06 
-0.000502878 3.8363e-05 -1.14845e-05 5.31662e-06 
-0.000365488 3.4522e-05 -9.68978e-06 3.87548e-06 
-0.000259873 2.70789e-05 -6.79459e-06 2.40326e-06 
-0.000183553 2.1383e-05 -5.17886e-06 1.63722e-06 
-0.000128113 1.61474e-05 -3.83501e-06 1.07335e-06 
-8.76113e-05 1.10845e-05 -2.36798e-06 5.75548e-07 
-6.00409e-05 7.73782e-06 -1.59463e-06 3.57231e-07 
-4.06347e-05 5.40643e-06 -1.12331e-06 2.39991e-07 
-2.71497e-05 3.55086e-06 -7.13954e-07 1.45331e-07 
-1.79742e-05 2.31056e-06 -4.56108e-07 8.80978e-08 
-1.17771e-05 1.43586e-06 -2.61996e-07 4.43513e-08 
-7.70513e-06 9.36076e-07 -1.97306e-07 4.03945e-08 
-4.97916e-06 5.72289e-07 -1.13367e-07 2.0421e-08 
-3.19989e-06 3.47584e-07 -6.62781e-08 1.0715e-08 
-2.0427e-06 2.03708e-07 -4.17152e-08 6.75437e-09 
-1.29636e-06 1.17323e-07 -2.36008e-08 2.78216e-09 
-8.17815e-07 6.47701e-08 -1.38595e-08 4.35797e-10 
