30 4 6
0.5 0.5 1 1
0.1 1 1
1.667 5
0.005
0.00703528
0.00989903
0.0139285
0.0195982
0.0275757
0.0388006
0.0545946
0.0768177
0.108087
0.152084
0.213991
0.301097
0.42366
0.596114
0.838766
1.18019
1.66059
2.33655
3.28765
4.62591
6.50892
9.15842
12.8864
18.1319
25.5126
35.8976
50.51
71.0704
100
104.804 0 0 0 
80.1125 -0.291794 0.490481 0.0355463 
49.9934 -0.329063 0.0360052 0.016716 
32.5782 -0.203216 -0.126279 0.000339106 
20.4985 -0.135632 -0.120428 -0.0012607 
12.9906 -0.0813394 -0.0976288 -0.000117786 
7.94441 -0.0502011 -0.062949 -0.000458568 
4.72479 -0.0287781 -0.0424282 -0.000504566 
2.71543 -0.0136061 -0.0268782 -0.00100013 
1.49585 -0.00633804 -0.0160793 -0.000908577 
0.791067 -0.00336995 -0.00917508 -0.000714288 
0.404798 0.000565788 -0.00412275 -0.000319517 
0.196448 0.00152134 -0.00181047 -4.2244e-05 
0.090867 0.00127768 -0.000731938 1.06637e-05 
0.0396224 0.00077502 -0.00033043 1.60626e-05 
0.0164364 0.000445689 -0.000135161 1.37836e-05 
0.00644924 0.000219815 -4.33374e-05 5.70866e-06 
0.00238513 8.82517e-05 -1.17913e-05 1.43742e-06 
0.000822314 3.28217e-05 -3.56607e-06 3.5353e-07 
0.000277315 1.36282e-05 -1.52854e-06 2.22316e-07 
9.03078e-05 4.91526e-06 -4.51406e-07 7.57956e-08 
2.76169e-05 1.36484e-06 -7.0158e-08 4.37832e-09 
8.16219e-06 3.21093e-07 -6.02919e-09 -2.54375e-09 
2.36061e-06 6.80969e-08 2.94549e-10 -1.13311e-09 
6.6783e-07 1.33181e-08 2.64141e-10 -3.1406e-10 
1.8605e-07 2.44318e-09 1.30149e-10 -7.88242e-11 
5.13701e-08 4.29285e-10 4.00362e-11 -1.55435e-11 
1.38994e-08 7.06119e-11 1.14009e-11 -3.33449e-12 
3.65655e-09 1.13934e-11 2.18411e-12 -6.70405e-13 
8.22752e-10 1.9673e-12 6.44953e-14 -1.13598e-13 
2.37621e-05 0 0 0 
4.24477e-05 -5.15815e-06 -8.07585e-07 -1.2596e-07 
7.5552e-05 -9.41038e-06 -1.1317e-06 -2.77866e-07 
0.000126112 -1.61121e-05 -1.4833e-06 -5.35523e-07 
0.000206913 -2.67013e-05 -2.18293e-06 -9.15263e-07 
0.000329089 -4.297e-05 -3.08725e-06 -1.56157e-06 
0.000516568 -6.79671e-05 -4.64633e-06 -2.46015e-06 
0.000792228 -0.000105531 -6.48715e-06 -3.81135e-06 
0.00118257 -0.000159799 -8.78586e-06 -5.59896e-06 
0.00172135 -0.000236264 -1.17111e-05 -7.9487e-06 
0.0024417 -0.000338269 -1.48622e-05 -1.16103e-05 
0.00337155 -0.000475029 -2.07829e-05 -1.57081e-05 
0.00448259 -0.000638859 -2.62938e-05 -2.1969e-05 
0.00578484 -0.00082856 -3.40072e-05 -2.83422e-05 
0.00721723 -0.00104301 -3.80655e-05 -3.70938e-05 
0.00870401 -0.0012505 -4.15959e-05 -4.75303e-05 
0.0102094 -0.00146864 -4.86566e-05 -5.63504e-05 
0.0115665 -0.00165565 -6.5419e-05 -5.94514e-05 
0.0129839 -0.00185899 -7.79605e-05 -6.38741e-05 
0.0141045 -0.00206243 -5.53251e-05 -7.87945e-05 
0.0148911 -0.00220618 -4.35405e-05 -8.52722e-05 
0.0155399 -0.00227436 -7.41502e-05 -7.39044e-05 
0.0160675 -0.0022975 -0.000113779 -6.28635e-05 
0.016338 -0.00226856 -0.000150934 -5.73495e-05 
0.0163977 -0.00221188 -0.000176538 -5.82425e-05 
0.0163055 -0.00214601 -0.000194498 -5.91697e-05 
0.0163139 -0.00210005 -0.000211194 -6.01361e-05 
0.0167474 -0.00211094 -0.000232013 -6.44265e-05 
0.0179754 -0.00221757 -0.000265701 -7.05328e-05 
0.0174331 -0.00213838 -0.000254438 -7.15423e-05 
0.219417 0 0 0 
0.275511 0.000142104 -0.000609052 -4.63348e-05 
0.308686 0.000249697 -6.40101e-05 -3.0322e-05 
0.335332 8.86543e-05 0.000419509 7.93941e-06 
0.361205 1.90836e-05 0.000642872 1.88728e-05 
0.38354 -0.000145406 0.000821223 1.45446e-05 
0.403845 -0.000292211 0.000861209 2.32132e-05 
0.420227 -0.000539046 0.000955941 2.86757e-05 
0.431531 -0.000948245 0.00100089 6.0918e-05 
0.438967 -0.00132698 0.000954622 8.79262e-05 
0.440965 -0.00133514 0.000978229 0.000104172 
0.436372 -0.00203541 0.000531197 4.21493e-05 
0.425864 -0.00253539 0.000200908 -3.71454e-05 
0.409491 -0.00291828 -8.82387e-05 -1.32715e-06 
0.388392 -0.00300895 -0.000282075 3.8458e-05 
0.361954 -0.00300008 -0.000287092 0.000133567 
0.331912 -0.00300264 -0.000351395 0.000208542 
0.298924 -0.00270708 -0.000461154 0.000237646 
0.268986 -0.00239355 -0.000637099 0.000329373 
0.23799 -0.00253317 -0.000427202 0.000290701 
0.206843 -0.00237639 -0.000233308 0.000176725 
0.178753 -0.00184233 -0.000221698 0.000103562 
0.154401 -0.00125794 -0.000233565 6.83133e-05 
0.13273 -0.000816855 -0.000196704 4.77506e-05 
0.113622 -0.00049847 -0.000137915 3.84901e-05 
0.0969299 -0.000297447 -8.57759e-05 3.38422e-05 
0.0824127 -0.000161901 -5.01934e-05 2.45424e-05 
0.0694056 -7.91647e-05 -3.02598e-05 1.98712e-05 
0.0569183 -4.22311e-05 -2.1051e-05 1.42041e-05 
0.0423753 -3.08707e-05 -1.12008e-05 5.81987e-06 
0.218979 0 0 0 
0.276914 6.78779e-05 -0.000671007 -3.5519e-05 
0.311465 -0.000145294 -8.63674e-05 -8.3193e-06 
0.338999 -0.000551971 0.00047137 1.73449e-05 
0.36601 -0.000849842 0.000735705 1.42205e-05 
0.389025 -0.00122953 0.000972689 -2.07446e-06 
0.410674 -0.00158176 0.00104999 -5.07589e-06 
0.428521 -0.00208655 0.00119828 -3.97784e-06 
0.441005 -0.00272051 0.00129915 1.84374e-05 
0.448102 -0.00344518 0.00132064 3.30957e-05 
0.449689 -0.00382173 0.00142334 1.6385e-05 
0.444824 -0.00472858 0.00109531 -7.41313e-05 
0.431985 -0.00519177 0.000934173 -0.000190209 
0.413517 -0.0052446 0.000800073 -0.00022087 
0.389151 -0.00529412 0.000780482 -0.000264507 
0.360534 -0.00455943 0.00093179 -0.000242749 
0.329151 -0.00422025 0.000833437 -0.000234958 
0.295416 -0.0037056 0.000622007 -0.000172128 
0.263855 -0.00335289 0.000496374 -0.000132393 
0.231594 -0.00337486 0.00060243 -0.000168413 
0.200479 -0.00318158 0.000576319 -0.000152064 
0.172791 -0.00259449 0.000363311 -6.86939e-05 
0.148365 -0.0019311 0.00019931 -1.03485e-05 
0.126404 -0.00131162 0.000100348 1.11894e-05 
0.107015 -0.000829467 6.21812e-05 9.54498e-06 
0.0901823 -0.000509244 4.23123e-05 7.41266e-06 
0.0762705 -0.000302601 2.80874e-05 6.26181e-06 
0.0654262 -0.00017828 1.76976e-05 2.14393e-06 
0.0574744 -0.000102998 9.413e-06 1.43277e-06 
0.0478193 -7.17915e-05 2.15032e-05 5.35212e-07 
0.239246 0 0 0 
0.301102 0.000343225 -0.000739774 -5.64604e-05 
0.338663 0.000820421 -0.000112618 -4.19065e-05 
0.368639 0.0008343 0.000471544 9.42606e-06 
0.397891 0.000955455 0.000731318 2.70505e-05 
0.423153 0.000967869 0.000932995 2.96033e-05 
0.447728 0.00109072 0.000954352 4.72453e-05 
0.464859 0.000890077 0.00102784 5.34005e-05 
0.473958 0.000649011 0.000996719 0.000100408 
0.476715 -0.000416094 0.000844094 0.000151351 
0.469288 -0.00110051 0.000683107 0.000195916 
0.455295 -0.00264065 0.000402995 3.40671e-05 
0.434656 -0.00252 -2.11419e-05 -1.99243e-05 
0.409856 -0.00244262 -3.41053e-06 -0.000206075 
0.383394 -0.00146237 -0.000138787 -0.000210284 
0.355341 -0.000956327 0.000179319 -0.000298473 
0.325186 -0.000550868 0.000270879 -0.000367469 
0.294202 -0.000449198 0.000406092 -0.000368452 
0.263621 0.000542185 0.000280297 -0.00033844 
0.232049 0.001001 0.000332026 -0.000350407 
0.203126 0.000620924 0.000506524 -0.000328793 
0.177758 0.000153467 0.000555965 -0.000249415 
0.154695 1.06703e-05 0.000451779 -0.000152865 
0.133396 -2.43193e-05 0.000340739 -9.42608e-05 
0.11425 -3.28501e-05 0.000245478 -6.36301e-05 
0.0974213 -4.66987e-05 0.000173738 -4.46048e-05 
0.0827833 -5.35752e-05 0.000114785 -2.89814e-05 
0.0696729 -5.04624e-05 7.4932e-05 -2.2562e-05 
0.0570707 -2.67442e-05 4.37839e-05 -1.88905e-05 
0.0424283 -3.89093e-06 2.11239e-05 -1.24722e-05 
0.186939 0 0 0 
0.235162 0.00018887 -0.000555347 -4.43714e-05 
0.26375 0.000438799 -7.35632e-05 -3.00674e-05 
0.286411 0.000372133 0.000364419 7.69397e-06 
0.308146 0.000387798 0.000562065 1.87653e-05 
0.326633 0.000299995 0.000718169 1.82243e-05 
0.343768 0.000252076 0.000744477 2.93838e-05 
0.355932 1.56376e-05 0.000822103 3.3982e-05 
0.362616 -0.000365033 0.000834636 6.59543e-05 
0.365469 -0.000909551 0.000784048 9.70874e-05 
0.362657 -0.0011368 0.000725804 0.000121518 
0.354891 -0.0018054 0.000360614 5.69399e-05 
0.342375 -0.00191771 5.63605e-05 -1.00195e-05 
0.326614 -0.00195435 -0.000184759 -5.5496e-05 
0.307708 -0.00141519 -0.000372694 -2.64459e-05 
0.28602 -0.00102728 -0.000408816 -3.17808e-05 
0.262024 -0.000765081 -0.000495865 -2.59269e-05 
0.236256 -0.000471371 -0.000583381 -5.87101e-06 
0.212225 0.000120137 -0.000785345 4.66288e-05 
0.187604 0.0001706 -0.000688378 2.12943e-05 
0.163741 -5.58978e-05 -0.000469778 -3.7851e-05 
0.142375 -0.000194813 -0.000320798 -6.89595e-05 
0.123434 -0.000175734 -0.000241202 -6.91689e-05 
0.10627 -0.000129089 -0.000172525 -6.01622e-05 
0.0909632 -7.70519e-05 -0.000119981 -4.46661e-05 
0.0775688 -4.87365e-05 -8.01264e-05 -3.02432e-05 
0.0660133 -2.75862e-05 -5.53745e-05 -2.0385e-05 
0.0558229 -1.51355e-05 -3.64145e-05 -1.29313e-05 
0.0464041 -5.43373e-06 -2.64181e-05 -9.29862e-06 
0.0354966 -4.48346e-06 -1.40206e-05 -7.67855e-06 
-0.502154 6.10665e-05 -1.24718e-05 -6.1129e-07 
-0.499812 0.000115322 -3.08139e-05 -2.63815e-06 
-0.495202 0.000179897 3.31866e-06 -2.76093e-06 
-0.488962 0.000238559 7.1756e-05 -7.13242e-07 
-0.480211 0.000292961 0.000143472 5.53859e-07 
-0.469283 0.000340261 0.000219165 6.26173e-07 
-0.454965 0.000374464 0.000293747 1.66328e-06 
-0.437108 0.000377773 0.000379428 4.48136e-06 
-0.415322 0.00032829 0.000468237 1.18684e-05 
-0.389486 0.00021812 0.000544718 2.12491e-05 
-0.359744 1.27903e-05 0.00058552 2.9607e-05 
-0.326789 -0.000352829 0.00055261 2.65267e-05 
-0.29113 -0.000781504 0.000483778 1.09073e-05 
-0.254177 -0.00114803 0.000405753 -2.18953e-06 
-0.217154 -0.00138289 0.000342356 -1.09052e-05 
-0.181342 -0.00147866 0.000273293 -1.69776e-05 
-0.148237 -0.0014195 0.000188126 -1.54653e-05 
-0.118489 -0.00121892 0.000114245 -9.41365e-06 
-0.092785 -0.000972606 6.97293e-05 -5.25099e-06 
-0.0714353 -0.000746364 4.79974e-05 -4.46256e-06 
-0.0541246 -0.000538848 2.97864e-05 -3.17236e-06 
-0.0404726 -0.000343789 1.34255e-05 -9.71208e-07 
-0.0298833 -0.00019487 4.23113e-06 1.64061e-07 
-0.0218866 -0.000100819 8.38865e-07 3.41792e-07 
-0.0159 -4.83866e-05 -3.72244e-08 2.32229e-07 
-0.0114887 -2.18289e-05 -1.86409e-07 1.22616e-07 
-0.00827631 -9.39005e-06 -1.52562e-07 5.44137e-08 
-0.00593297 -3.91502e-06 -9.34106e-08 2.27982e-08 
-0.00424043 -1.56837e-06 -4.29511e-08 9.17392e-09 
-0.00302608 -6.20214e-07 -1.31232e-08 2.45875e-09 
1.09751 0.0244266 -0.00997745 -0.000733548 
1.41501 0.0263633 -0.000923606 -0.000740085 
1.55715 0.0186863 0.0174735 0.0003472 
1.54001 0.0116358 0.0154655 0.000461033 
1.4565 0.00779425 0.0109798 8.70765e-05 
1.34054 0.00449786 0.00808258 2.02654e-05 
1.2066 0.00171603 0.00590726 0.000130322 
1.06063 -0.00107484 0.00484163 0.000252302 
0.907714 -0.00297276 0.00326388 0.000346007 
0.754107 -0.00399917 0.00174518 0.000265473 
0.60637 -0.00541854 0.000145137 9.09458e-05 
0.471926 -0.00579844 -0.000832305 -0.000139122 
0.355049 -0.00404876 -0.000760125 -0.00016812 
0.257763 -0.00212882 -0.000517761 -7.53993e-05 
0.180129 -0.000818021 -0.000308267 -3.79552e-05 
0.121089 -7.39924e-05 -0.000275567 -1.16611e-05 
0.0784368 0.00034354 -0.000213278 1.17768e-05 
0.0489762 0.000424507 -0.000110192 1.10263e-05 
0.0294749 0.000306254 -3.9932e-05 3.21928e-06 
0.0171843 0.00019177 -1.59213e-05 3.96277e-07 
0.00975471 0.000130541 -1.1618e-05 1.24809e-06 
0.00542149 7.93526e-05 -6.19257e-06 9.15678e-07 
0.00294037 3.89621e-05 -1.90051e-06 1.89454e-07 
0.00157062 1.62449e-05 -4.0045e-07 -9.43549e-09 
0.000827876 6.04196e-06 -5.68306e-08 -2.22411e-08 
0.000431861 2.07138e-06 -2.49802e-09 -1.07089e-08 
0.000223685 6.66701e-07 5.15481e-09 -4.24747e-09 
0.000114949 2.03389e-07 3.33328e-09 -1.23028e-09 
5.88464e-05 5.9946e-08 1.7575e-09 -3.89242e-10 
3.00022e-05 1.70603e-08 5.95282e-10 -1.72113e-10 
219.502 4.88532 -5.98647 -0.733548 
101.101 -2.68181 15.5473 0.875209 
-0.487794 -3.09805 -0.816951 0.11187 
-16.4367 -0.677026 -1.96419 -0.192912 
-19.8402 -0.479934 -0.45978 -0.0512975 
-15.6039 -0.196786 -0.342665 0.0234944 
-12.2786 -0.173169 0.0381809 0.00222817 
-9.16807 -0.104243 -0.0306166 0.0126916 
-6.57141 -0.0162489 -0.0179123 -0.00622777 
-4.55499 -0.0130946 -0.00903703 -0.00273448 
-3.00372 -0.0312952 -0.0144518 -0.00577796 
-1.86729 0.025738 0.0159987 -0.000468335 
-1.12405 0.0229665 0.00939373 0.00271922 
-0.645905 0.0118124 0.00626636 0.000714618 
-0.35539 0.00374286 0.00161744 0.00015044 
-0.185458 0.00156748 0.000783117 0.000140118 
-0.0924005 0.000208699 0.000612075 -2.00075e-05 
-0.0440001 -0.000390923 0.000294527 -3.92468e-05 
-0.0200627 -0.000299921 8.79678e-05 -1.4275e-05 
-0.00871142 -0.000102832 1.20614e-05 5.77543e-07 
-0.00365 -5.31071e-05 7.33552e-06 -5.74898e-07 
-0.00149234 -3.01934e-05 4.27331e-06 -8.8655e-07 
-0.000590828 -1.23608e-05 1.08298e-06 -1.66998e-07 
-0.000228932 -4.02467e-06 1.79839e-07 -4.6429e-09 
-8.7121e-05 -1.13111e-06 1.89409e-08 6.46777e-09 
-3.26857e-05 -2.86847e-07 1.8278e-09 2.31306e-09 
-1.21396e-05 -6.73789e-08 -3.91001e-10 7.40508e-10 
-4.46419e-06 -1.50423e-08 -2.19548e-10 1.51663e-10 
-1.63303e-06 -3.19206e-09 -9.60193e-11 3.24769e-11 
-5.94875e-07 -6.5153e-10 -3.45049e-11 4.4902e-12 
